<?xml version="1.0" encoding="UTF-8"?>
<testng-results ignored="0" total="1" passed="1" failed="0" skipped="0">
  <reporter-output>
  </reporter-output>
  <suite started-at="2023-03-07T22:45:21 IST" name="Suite" finished-at="2023-03-07T22:45:26 IST" duration-ms="5908">
    <groups>
    </groups>
    <test started-at="2023-03-07T22:45:21 IST" name="Test" finished-at="2023-03-07T22:45:26 IST" duration-ms="5908">
      <class name="ABB.ABBTest1">
        <test-method signature="tc1()[pri:0, instance:ABB.ABBTest1@759d26fb]" started-at="2023-03-07T22:45:21 IST" name="tc1" finished-at="2023-03-07T22:45:26 IST" duration-ms="5877" status="PASS">
          <reporter-output>
          </reporter-output>
        </test-method> <!-- tc1 -->
      </class> <!-- ABB.ABBTest1 -->
    </test> <!-- Test -->
  </suite> <!-- Suite -->
</testng-results>
